0 info it worked if it ends with ok
1 verbose cli [ '/usr/local/bin/node', '/usr/local/bin/npm', 'publish' ]
2 info using npm@3.10.8
3 info using node@v4.5.0
4 verbose publish [ '.' ]
5 silly cache add args [ '.', null ]
6 verbose cache add spec .
7 silly cache add parsed spec Result {
7 silly cache add   raw: '.',
7 silly cache add   scope: null,
7 silly cache add   escapedName: null,
7 silly cache add   name: null,
7 silly cache add   rawSpec: '.',
7 silly cache add   spec: '/Users/nusu/Desktop/local/generator-yaver',
7 silly cache add   type: 'directory' }
8 verbose addLocalDirectory /Users/nusu/.npm/generator-yaver/2.0.1/package.tgz not in flight; packing
9 verbose correctMkdir /Users/nusu/.npm correctMkdir not in flight; initializing
10 info lifecycle generator-yaver@2.0.1~prepublish: generator-yaver@2.0.1
11 verbose lifecycle generator-yaver@2.0.1~prepublish: unsafe-perm in lifecycle true
12 verbose lifecycle generator-yaver@2.0.1~prepublish: PATH: /usr/local/lib/node_modules/npm/bin/node-gyp-bin:/Users/nusu/Desktop/local/generator-yaver/node_modules/.bin:/usr/local/bin:/usr/bin:/bin:/usr/sbin:/sbin:./node_modules/.bin
13 verbose lifecycle generator-yaver@2.0.1~prepublish: CWD: /Users/nusu/Desktop/local/generator-yaver
14 silly lifecycle generator-yaver@2.0.1~prepublish: Args: [ '-c', 'gulp prepublish' ]
15 silly lifecycle generator-yaver@2.0.1~prepublish: Returned: code: 0  signal: null
16 verbose tar pack [ '/Users/nusu/.npm/generator-yaver/2.0.1/package.tgz',
16 verbose tar pack   '/Users/nusu/Desktop/local/generator-yaver' ]
17 verbose tarball /Users/nusu/.npm/generator-yaver/2.0.1/package.tgz
18 verbose folder /Users/nusu/Desktop/local/generator-yaver
19 verbose addLocalTarball adding from inside cache /Users/nusu/.npm/generator-yaver/2.0.1/package.tgz
20 verbose correctMkdir /Users/nusu/.npm correctMkdir not in flight; initializing
21 silly cache afterAdd generator-yaver@2.0.1
22 verbose afterAdd /Users/nusu/.npm/generator-yaver/2.0.1/package/package.json not in flight; writing
23 verbose correctMkdir /Users/nusu/.npm correctMkdir not in flight; initializing
24 verbose afterAdd /Users/nusu/.npm/generator-yaver/2.0.1/package/package.json written
25 silly publish { name: 'generator-yaver',
25 silly publish   version: '2.0.1',
25 silly publish   description: 'usengeclere ozel hazirlanmistir.',
25 silly publish   homepage: 'https://github.com/nusu/generator-yaver#readme',
25 silly publish   author:
25 silly publish    { name: 'nusu alabuga',
25 silly publish      email: 'nusususuzu@gmail.com',
25 silly publish      url: 'github.com/nusu' },
25 silly publish   files: [ 'generators' ],
25 silly publish   main: 'generators/index.js',
25 silly publish   keywords: [ 'stylus', 'jade', 'slack', 'notify', 'ssh', 'yeoman-generator' ],
25 silly publish   dependencies:
25 silly publish    { chalk: '^1.0.0',
25 silly publish      mkdirp: '^0.5.1',
25 silly publish      'yeoman-generator': '^0.23.0',
25 silly publish      yosay: '^1.0.0' },
25 silly publish   devDependencies:
25 silly publish    { 'yeoman-test': '^1.0.0',
25 silly publish      'yeoman-assert': '^2.0.0',
25 silly publish      eslint: '^2.1.0',
25 silly publish      'eslint-config-xo-space': '^0.13.0',
25 silly publish      gulp: '^3.9.0',
25 silly publish      'gulp-eslint': '^2.0.0',
25 silly publish      'gulp-exclude-gitignore': '^1.0.0',
25 silly publish      'gulp-line-ending-corrector': '^1.0.1',
25 silly publish      'gulp-istanbul': '^0.10.3',
25 silly publish      'gulp-mocha': '^2.0.0',
25 silly publish      'gulp-plumber': '^1.0.0',
25 silly publish      'gulp-nsp': '^2.1.0',
25 silly publish      'gulp-coveralls': '^0.1.0' },
25 silly publish   eslintConfig: { extends: 'xo-space', env: { mocha: true } },
25 silly publish   repository:
25 silly publish    { type: 'git',
25 silly publish      url: 'git+https://github.com/nusu/generator-yaver.git' },
25 silly publish   scripts: { prepublish: 'gulp prepublish', test: 'gulp' },
25 silly publish   license: 'MIT',
25 silly publish   readme: '# generator-yaver [![NPM version][npm-image]][npm-url] [![Build Status][travis-image]][travis-url] [![Dependency Status][daviddm-image]][daviddm-url] [![Coverage percentage][coveralls-image]][coveralls-url]\n> mosquat ekibinin ihtiyaçlarını karşılamak üzere yazılmıştır.\n\n## Features\nHas ability to add libraries downthere in your new app:\nJs:\n- Select2\n- Owl Carousel 2\n- LightSlider\n- Dropzone\n\nFonts:\n- Proxima Nova\n- Font Awesome\n\nCss (Stylus Based):\n- Bootstrap 3 (predefined)\n- Selected Fonts Css\n\n## Installation\n\nFirst, install [Yeoman](http://yeoman.io) and generator-yaver using [npm](https://www.npmjs.com/) (we assume you have pre-installed [node.js](https://nodejs.org/)).\n\n```bash\nnpm install -g yo\nnpm install -g generator-yaver\n```\n\nThen generate your new project:\n\n```bash\nyo yaver\n```\n\n## Getting To Know Yeoman\n\n * Yeoman has a heart of gold.\n * Yeoman is a person with feelings and opinions, but is very easy to work with.\n * Yeoman can be too opinionated at times but is easily convinced not to be.\n * Feel free to [learn more about Yeoman](http://yeoman.io/).\n\n## License\n\nMIT © [nusu alabuga](github.com/nusu)\n\n\n[npm-image]: https://badge.fury.io/js/generator-yaver.svg\n[npm-url]: https://npmjs.org/package/generator-yaver\n[travis-image]: https://travis-ci.org/nusu/generator-yaver.svg?branch=master\n[travis-url]: https://travis-ci.org/nusu/generator-yaver\n[daviddm-image]: https://david-dm.org/nusu/generator-yaver.svg?theme=shields.io\n[daviddm-url]: https://david-dm.org/nusu/generator-yaver\n[coveralls-image]: https://coveralls.io/repos/nusu/generator-yaver/badge.svg\n[coveralls-url]: https://coveralls.io/r/nusu/generator-yaver\n',
25 silly publish   readmeFilename: 'README.md',
25 silly publish   gitHead: 'b1a9274aa7edb035d99b8de78cbd2795ba51dbec',
25 silly publish   bugs: { url: 'https://github.com/nusu/generator-yaver/issues' },
25 silly publish   _id: 'generator-yaver@2.0.1',
25 silly publish   _shasum: '75ad5162e201933fd4e4c2c45d7d0675241944a3',
25 silly publish   _from: '.' }
26 verbose getPublishConfig undefined
27 silly mapToRegistry name generator-yaver
28 silly mapToRegistry using default registry
29 silly mapToRegistry registry https://registry.npmjs.org/
30 silly mapToRegistry data Result {
30 silly mapToRegistry   raw: 'generator-yaver',
30 silly mapToRegistry   scope: null,
30 silly mapToRegistry   escapedName: 'generator-yaver',
30 silly mapToRegistry   name: 'generator-yaver',
30 silly mapToRegistry   rawSpec: '',
30 silly mapToRegistry   spec: 'latest',
30 silly mapToRegistry   type: 'tag' }
31 silly mapToRegistry uri https://registry.npmjs.org/generator-yaver
32 verbose publish registryBase https://registry.npmjs.org/
33 silly publish uploading /Users/nusu/.npm/generator-yaver/2.0.1/package.tgz
34 verbose request uri https://registry.npmjs.org/generator-yaver
35 verbose request sending authorization for write operation
36 info attempt registry request try #1 at 15:31:05
37 verbose request using bearer token for auth
38 verbose request id 625f518a60ac2425
39 http request PUT https://registry.npmjs.org/generator-yaver
40 http 403 https://registry.npmjs.org/generator-yaver
41 verbose headers { 'content-type': 'application/json',
41 verbose headers   'cache-control': 'max-age=300',
41 verbose headers   'content-length': '95',
41 verbose headers   'accept-ranges': 'bytes',
41 verbose headers   date: 'Mon, 19 Dec 2016 12:31:09 GMT',
41 verbose headers   via: '1.1 varnish',
41 verbose headers   connection: 'keep-alive',
41 verbose headers   'x-served-by': 'cache-hhn1546-HHN',
41 verbose headers   'x-cache': 'MISS',
41 verbose headers   'x-cache-hits': '0',
41 verbose headers   'x-timer': 'S1482150666.560057,VS0,VE2949',
41 verbose headers   vary: 'Accept-Encoding' }
42 verbose request invalidating /Users/nusu/.npm/registry.npmjs.org/generator-yaver on PUT
43 error publish Failed PUT 403
44 verbose stack Error: "You cannot publish over the previously published version 2.0.1." : generator-yaver
44 verbose stack     at makeError (/usr/local/lib/node_modules/npm/node_modules/npm-registry-client/lib/request.js:302:12)
44 verbose stack     at CachingRegistryClient.<anonymous> (/usr/local/lib/node_modules/npm/node_modules/npm-registry-client/lib/request.js:290:14)
44 verbose stack     at Request._callback (/usr/local/lib/node_modules/npm/node_modules/npm-registry-client/lib/request.js:210:14)
44 verbose stack     at Request.self.callback (/usr/local/lib/node_modules/npm/node_modules/request/request.js:187:22)
44 verbose stack     at emitTwo (events.js:87:13)
44 verbose stack     at Request.emit (events.js:172:7)
44 verbose stack     at Request.<anonymous> (/usr/local/lib/node_modules/npm/node_modules/request/request.js:1044:10)
44 verbose stack     at emitOne (events.js:77:13)
44 verbose stack     at Request.emit (events.js:169:7)
44 verbose stack     at IncomingMessage.<anonymous> (/usr/local/lib/node_modules/npm/node_modules/request/request.js:965:12)
45 verbose statusCode 403
46 verbose pkgid generator-yaver
47 verbose cwd /Users/nusu/Desktop/local/generator-yaver
48 error Darwin 15.6.0
49 error argv "/usr/local/bin/node" "/usr/local/bin/npm" "publish"
50 error node v4.5.0
51 error npm  v3.10.8
52 error code E403
53 error "You cannot publish over the previously published version 2.0.1." : generator-yaver
54 error If you need help, you may report this error at:
54 error     <https://github.com/npm/npm/issues>
55 verbose exit [ 1, true ]
